

*******************************************************************************
Mon Apr 27 09:46:35 2026


FIT:    data read from "out.times.data" using 1:2
        format = x:z
        #datapoints = 12
        residuals are weighted equally (unit weight)

function used for fitting: f(x)
	f(x)=a*x**3
fitted parameters initialized with current variable values

iter      chisq       delta/lim  lambda   a            
   0 7.4001600793e+14   0.00e+00  7.85e+06    1.000000e+00
   5 4.0832972263e-02  -6.80e-11  7.85e+01    3.405815e-07

After 5 iterations the fit converged.
final sum of squares of residuals : 0.040833
rel. change during last iteration : -6.79734e-16

degrees of freedom    (FIT_NDF)                        : 11
rms of residuals      (FIT_STDFIT) = sqrt(WSSR/ndf)    : 0.0609269
variance of residuals (reduced chisquare) = WSSR/ndf   : 0.00371209

Final set of parameters            Asymptotic Standard Error
=======================            ==========================
a               = 3.40581e-07      +/- 2.24e-09     (0.6576%)
